Clock: core_clock
Sources: clk_cpu 
Generated: no
Virtual: yes
Propagated: no
Period: 10.000000

===========================================================================
report_clock_properties
============================================================================
Clock                   Period          Waveform
----------------------------------------------------
core_clock           10.000000    0.000000  5.000000

===========================================================================
report_clock_latency
============================================================================
Clock core_clock
rise -> rise
    min     max
0.000000 0.000000 source latency
0.271947         network latency _2185_/CLK
        1.832457 network latency _2248_/CLK
---------------
0.271947 1.832457 latency
        1.560509 skew

rise -> fall
    min     max
0.000000 0.000000 source latency
0.951893         network latency _2171_/CLK
        1.520396 network latency _2248_/CLK
---------------
0.951893 1.520396 latency
        0.568503 skew

fall -> fall
    min     max
0.000000 0.000000 source latency
0.296645         network latency _2185_/CLK
        0.301116 network latency _2195_/CLK
---------------
0.296645 0.301116 latency
        0.004471 skew



===========================================================================
report_clock_min_period
============================================================================
core_clock period_min = 2.46 fmax = 406.87
