Clock: core_clock
Sources: clk_cpu 
Generated: no
Virtual: yes
Propagated: no
Period: 10.000000

===========================================================================
report_clock_properties
============================================================================
Clock                   Period          Waveform
----------------------------------------------------
core_clock           10.000000    0.000000  5.000000

===========================================================================
report_clock_latency
============================================================================
Clock core_clock
rise -> rise
    min     max
0.000000 0.000000 source latency
0.473286         network latency _2185_/CLK
        3.388927 network latency _2248_/CLK
---------------
0.473286 3.388927 latency
        2.915641 skew

rise -> fall
    min     max
0.000000 0.000000 source latency
1.823424         network latency _2171_/CLK
        2.881699 network latency _2248_/CLK
---------------
1.823424 2.881699 latency
        1.058275 skew

fall -> fall
    min     max
0.000000 0.000000 source latency
0.519492         network latency _2185_/CLK
        0.527794 network latency _2195_/CLK
---------------
0.519492 0.527794 latency
        0.008302 skew



===========================================================================
report_clock_min_period
============================================================================
core_clock period_min = 5.00 fmax = 199.93
