Clock: core_clock
Sources: clk_cpu 
Generated: no
Virtual: yes
Propagated: no
Period: 10.000000

===========================================================================
report_clock_properties
============================================================================
Clock                   Period          Waveform
----------------------------------------------------
core_clock           10.000000    0.000000  5.000000

===========================================================================
report_clock_latency
============================================================================
Clock core_clock
rise -> rise
    min     max
0.000000 0.000000 source latency
0.479162         network latency _2185_/CLK
        3.468322 network latency _2248_/CLK
---------------
0.479162 3.468322 latency
        2.989160 skew

rise -> fall
    min     max
0.000000 0.000000 source latency
1.849903         network latency _2171_/CLK
        2.928347 network latency _2248_/CLK
---------------
1.849903 2.928347 latency
        1.078443 skew

fall -> fall
    min     max
0.000000 0.000000 source latency
0.524968         network latency _2185_/CLK
        0.534138 network latency _2198_/CLK
---------------
0.524968 0.534138 latency
        0.009170 skew



===========================================================================
report_clock_min_period
============================================================================
core_clock period_min = 5.07 fmax = 197.33
