Clock: core_clock
Sources: clk_cpu 
Generated: no
Virtual: yes
Propagated: no
Period: 10.000000

===========================================================================
report_clock_properties
============================================================================
Clock                   Period          Waveform
----------------------------------------------------
core_clock           10.000000    0.000000  5.000000

===========================================================================
report_clock_latency
============================================================================
Clock core_clock
rise -> rise
    min     max
0.000000 0.000000 source latency
0.187112         network latency _2185_/CLK
        1.189071 network latency _2248_/CLK
---------------
0.187112 1.189071 latency
        1.001959 skew

rise -> fall
    min     max
0.000000 0.000000 source latency
0.617597         network latency _2171_/CLK
        1.000350 network latency _2248_/CLK
---------------
0.617597 1.000350 latency
        0.382753 skew

fall -> fall
    min     max
0.000000 0.000000 source latency
0.202507         network latency _2185_/CLK
        0.206181 network latency _2195_/CLK
---------------
0.202507 0.206181 latency
        0.003674 skew



===========================================================================
report_clock_min_period
============================================================================
core_clock period_min = 1.52 fmax = 659.62
