Clock: core_clock
Sources: clk_cpu 
Generated: no
Virtual: yes
Propagated: no
Period: 10.000000

===========================================================================
report_clock_properties
============================================================================
Clock                   Period          Waveform
----------------------------------------------------
core_clock           10.000000    0.000000  5.000000

===========================================================================
report_clock_latency
============================================================================
Clock core_clock
rise -> rise
    min     max
0.000000 0.000000 source latency
0.468909         network latency _2185_/CLK
        3.325037 network latency _2248_/CLK
---------------
0.468909 3.325037 latency
        2.856128 skew

rise -> fall
    min     max
0.000000 0.000000 source latency
1.802349         network latency _2171_/CLK
        2.846509 network latency _2248_/CLK
---------------
1.802349 2.846509 latency
        1.044160 skew

fall -> fall
    min     max
0.000000 0.000000 source latency
0.515539         network latency _2185_/CLK
        0.522871 network latency _2195_/CLK
---------------
0.515539 0.522871 latency
        0.007332 skew



===========================================================================
report_clock_min_period
============================================================================
core_clock period_min = 4.93 fmax = 202.75
