Clock: core_clock
Sources: clk_cpu 
Generated: no
Virtual: yes
Propagated: no
Period: 10.000000

===========================================================================
report_clock_properties
============================================================================
Clock                   Period          Waveform
----------------------------------------------------
core_clock           10.000000    0.000000  5.000000

===========================================================================
report_clock_latency
============================================================================
Clock core_clock
rise -> rise
    min     max
0.000000 0.000000 source latency
0.269089         network latency _2185_/CLK
        1.794554 network latency _2248_/CLK
---------------
0.269089 1.794554 latency
        1.525465 skew

rise -> fall
    min     max
0.000000 0.000000 source latency
0.939948         network latency _2171_/CLK
        1.499014 network latency _2248_/CLK
---------------
0.939948 1.499014 latency
        0.559067 skew

fall -> fall
    min     max
0.000000 0.000000 source latency
0.294184         network latency _2185_/CLK
        0.298154 network latency _2195_/CLK
---------------
0.294184 0.298154 latency
        0.003970 skew



===========================================================================
report_clock_min_period
============================================================================
core_clock period_min = 2.42 fmax = 413.21
